<?xml version="1.0" encoding="UTF-8"?>
<testng-results ignored="0" total="1" passed="1" failed="0" skipped="0">
  <reporter-output>
  </reporter-output>
  <suite started-at="2024-06-25T10:04:25 IST" name="Default suite" finished-at="2024-06-25T10:04:26 IST" duration-ms="70">
    <groups>
    </groups>
    <test started-at="2024-06-25T10:04:25 IST" name="Default test" finished-at="2024-06-25T10:04:26 IST" duration-ms="70">
      <class name="testpackage.TestClass">
        <test-method signature="testdata()[pri:0, instance:testpackage.TestClass@a3d8174]" started-at="2024-06-25T10:04:25 IST" name="testdata" finished-at="2024-06-25T10:04:26 IST" duration-ms="24" status="PASS">
          <reporter-output>
          </reporter-output>
        </test-method> <!-- testdata -->
      </class> <!-- testpackage.TestClass -->
    </test> <!-- Default test -->
  </suite> <!-- Default suite -->
</testng-results>
