<?xml version="1.0" encoding="UTF-8"?>
<testng-results ignored="0" total="3" passed="3" failed="0" skipped="0">
  <reporter-output>
  </reporter-output>
  <suite started-at="2024-06-25T10:16:26 IST" name="Suite" finished-at="2024-06-25T10:17:35 IST" duration-ms="68929">
    <groups>
    </groups>
    <test started-at="2024-06-25T10:16:26 IST" name="Testing on edge" finished-at="2024-06-25T10:17:02 IST" duration-ms="36428">
      <class name="Scenarios.Scenario4">
        <test-method is-config="true" signature="Launch(java.lang.String)[pri:0, instance:Scenarios.Scenario4@50ad3bc1]" started-at="2024-06-25T10:16:26 IST" name="Launch" finished-at="2024-06-25T10:16:42 IST" duration-ms="16016" status="PASS">
          <params>
            <param index="0">
              <value>
                <![CDATA[edge]]>
              </value>
            </param>
          </params>
          <reporter-output>
          </reporter-output>
        </test-method> <!-- Launch -->
        <test-method signature="scenario4()[pri:0, instance:Scenarios.Scenario4@50ad3bc1]" started-at="2024-06-25T10:16:42 IST" name="scenario4" finished-at="2024-06-25T10:16:55 IST" duration-ms="12510" status="PASS">
          <reporter-output>
          </reporter-output>
        </test-method> <!-- scenario4 -->
        <test-method is-config="true" signature="quit(java.lang.String)[pri:0, instance:Scenarios.Scenario4@50ad3bc1]" started-at="2024-06-25T10:16:55 IST" name="quit" finished-at="2024-06-25T10:17:02 IST" duration-ms="7844" status="PASS">
          <params>
            <param index="0">
              <value>
                <![CDATA[edge]]>
              </value>
            </param>
          </params>
          <reporter-output>
          </reporter-output>
        </test-method> <!-- quit -->
      </class> <!-- Scenarios.Scenario4 -->
    </test> <!-- Testing on edge -->
    <test started-at="2024-06-25T10:16:26 IST" name="Testing on chrome" finished-at="2024-06-25T10:17:08 IST" duration-ms="42421">
      <class name="Scenarios.Scenario4">
        <test-method is-config="true" signature="Launch(java.lang.String)[pri:0, instance:Scenarios.Scenario4@1b2abca6]" started-at="2024-06-25T10:16:26 IST" name="Launch" finished-at="2024-06-25T10:16:46 IST" duration-ms="19542" status="PASS">
          <params>
            <param index="0">
              <value>
                <![CDATA[chrome]]>
              </value>
            </param>
          </params>
          <reporter-output>
          </reporter-output>
        </test-method> <!-- Launch -->
        <test-method signature="scenario4()[pri:0, instance:Scenarios.Scenario4@1b2abca6]" started-at="2024-06-25T10:16:46 IST" name="scenario4" finished-at="2024-06-25T10:17:03 IST" duration-ms="17757" status="PASS">
          <reporter-output>
          </reporter-output>
        </test-method> <!-- scenario4 -->
        <test-method is-config="true" signature="quit(java.lang.String)[pri:0, instance:Scenarios.Scenario4@1b2abca6]" started-at="2024-06-25T10:17:03 IST" name="quit" finished-at="2024-06-25T10:17:08 IST" duration-ms="5066" status="PASS">
          <params>
            <param index="0">
              <value>
                <![CDATA[chrome]]>
              </value>
            </param>
          </params>
          <reporter-output>
          </reporter-output>
        </test-method> <!-- quit -->
      </class> <!-- Scenarios.Scenario4 -->
    </test> <!-- Testing on chrome -->
    <test started-at="2024-06-25T10:16:26 IST" name="Testing on firefox" finished-at="2024-06-25T10:17:35 IST" duration-ms="68928">
      <class name="Scenarios.Scenario4">
        <test-method is-config="true" signature="Launch(java.lang.String)[pri:0, instance:Scenarios.Scenario4@342c38f8]" started-at="2024-06-25T10:16:26 IST" name="Launch" finished-at="2024-06-25T10:16:42 IST" duration-ms="16070" status="PASS">
          <params>
            <param index="0">
              <value>
                <![CDATA[firefox]]>
              </value>
            </param>
          </params>
          <reporter-output>
          </reporter-output>
        </test-method> <!-- Launch -->
        <test-method signature="scenario4()[pri:0, instance:Scenarios.Scenario4@342c38f8]" started-at="2024-06-25T10:16:42 IST" name="scenario4" finished-at="2024-06-25T10:17:27 IST" duration-ms="44909" status="PASS">
          <reporter-output>
          </reporter-output>
        </test-method> <!-- scenario4 -->
        <test-method is-config="true" signature="quit(java.lang.String)[pri:0, instance:Scenarios.Scenario4@342c38f8]" started-at="2024-06-25T10:17:27 IST" name="quit" finished-at="2024-06-25T10:17:35 IST" duration-ms="7900" status="PASS">
          <params>
            <param index="0">
              <value>
                <![CDATA[firefox]]>
              </value>
            </param>
          </params>
          <reporter-output>
          </reporter-output>
        </test-method> <!-- quit -->
      </class> <!-- Scenarios.Scenario4 -->
    </test> <!-- Testing on firefox -->
  </suite> <!-- Suite -->
</testng-results>
