<?xml version="1.0" encoding="UTF-8"?>
<!-- Generated by org.testng.reporters.JUnitXMLReporter -->
<testsuite ignored="0" hostname="Munnangi" failures="0" tests="1" name="Test" time="0.057" errors="0" timestamp="2024-06-25T10:08:05 IST">
  <testcase classname="Scenarios.LaunchandQuit" name="@BeforeMethod Launch" time="-1.719290285731E9">
    <failure type="org.testng.TestNGException" message="
Parameter &amp;apos;browser&amp;apos; is required by BeforeMethod on method Launch but has not been marked @Optional or defined
in D:\java-2024-032\Selenium-Java\Tentestng.xml">
      <![CDATA[org.testng.TestNGException: 
Parameter 'browser' is required by BeforeMethod on method Launch but has not been marked @Optional or defined
in D:\java-2024-032\Selenium-Java\Tentestng.xml
at java.base/java.util.ArrayList.forEach(ArrayList.java:1511)
... Removed 28 stack frames]]>
    </failure>
  </testcase> <!-- @BeforeMethod Launch -->
  <testcase classname="Scenarios.LaunchandQuit" name="@AfterMethod quit" time="-1.719290285748E9">
    <skipped/>
  </testcase> <!-- @AfterMethod quit -->
  <testcase classname="Scenarios.Scenario10" name="scenario10" time="0.0">
    <skipped/>
  </testcase> <!-- scenario10 -->
</testsuite> <!-- Test -->
